<?xml version="1.0" encoding="UTF-8"?>
<!-- Generated by org.testng.reporters.JUnitXMLReporter -->
<testsuite hostname="LAPTOP-FVUP5MER" ignored="0" name="test_1(failed)" tests="1" failures="1" timestamp="11 Dec 2018 01:31:50 GMT" time="32.928" errors="0">
  <testcase name="verifySendMessageTest" time="1.445" classname="TestCasePackage.ContactUsPageTest">
    <failure type="java.lang.AssertionError" message="expected [Invalid email address.] but found [Bad file extension]">
      <![CDATA[java.lang.AssertionError: expected [Invalid email address.] but found [Bad file extension]
	at TestCasePackage.ContactUsPageTest.verifySendMessageTest(ContactUsPageTest.java:95)
... Removed 31 stack frames]]>
    </failure>
  </testcase> <!-- verifySendMessageTest -->
</testsuite> <!-- test_1(failed) -->
