<?xml version="1.0" encoding="UTF-8"?>
<!-- Generated by org.testng.reporters.JUnitXMLReporter -->
<testsuite hostname="LAPTOP-FVUP5MER" ignored="0" name="Command line test" tests="4" failures="1" timestamp="12 Dec 2018 00:15:10 GMT" time="97.358" errors="0">
  <testcase name="verifySendMessageTest" time="3.337" classname="TestCasePackage.ContactUsPageTest">
    <failure type="java.lang.AssertionError" message="expected [Invalid email address.] but found [Bad file extension]">
      <![CDATA[java.lang.AssertionError: expected [Invalid email address.] but found [Bad file extension]
	at TestCasePackage.ContactUsPageTest.verifySendMessageTest(ContactUsPageTest.java:95)
... Removed 40 stack frames]]>
    </failure>
  </testcase> <!-- verifySendMessageTest -->
  <testcase name="verifySendMessageTest" time="2.459" classname="TestCasePackage.ContactUsPageTest"/>
  <testcase name="verifySendMessageTest" time="1.833" classname="TestCasePackage.ContactUsPageTest"/>
  <testcase name="verifySendMessageTest" time="2.689" classname="TestCasePackage.ContactUsPageTest"/>
</testsuite> <!-- Command line test -->
