<?xml version="1.0" encoding="UTF-8"?>
<!-- Generated by org.testng.reporters.JUnitXMLReporter -->
<testsuite hostname="LAPTOP-FVUP5MER" ignored="0" name="Default test" tests="4" failures="0" timestamp="10 Dec 2018 23:45:47 GMT" time="44.917" errors="0">
  <testcase name="verifyContactusLinkClickable" time="1.72" classname="TestCasePackage.HomePageTestCases"/>
  <testcase name="verifyExistenceOfContactusLink" time="0.105" classname="TestCasePackage.HomePageTestCases"/>
  <testcase name="verifyExistenceOfSigninLink" time="0.074" classname="TestCasePackage.HomePageTestCases"/>
  <testcase name="verifyloginpage" time="1.76" classname="TestCasePackage.HomePageTestCases"/>
</testsuite> <!-- Default test -->
