<?xml version="1.0" encoding="UTF-8"?>
<!-- Generated by org.testng.reporters.JUnitXMLReporter -->
<testsuite hostname="LAPTOP-FVUP5MER" ignored="0" name="test_1" tests="4" failures="1" timestamp="11 Dec 2018 03:17:26 GMT" time="39.39" errors="0">
  <testcase name="verifySendMessageTest" time="1.558" classname="TestCasePackage.ContactUsPageTest">
    <failure type="java.lang.AssertionError" message="expected [Invalid email address.] but found [Bad file extension]">
      <![CDATA[java.lang.AssertionError: expected [Invalid email address.] but found [Bad file extension]
	at TestCasePackage.ContactUsPageTest.verifySendMessageTest(ContactUsPageTest.java:95)
... Removed 31 stack frames]]>
    </failure>
  </testcase> <!-- verifySendMessageTest -->
  <testcase name="verifySendMessageTest" time="1.855" classname="TestCasePackage.ContactUsPageTest"/>
  <testcase name="verifySendMessageTest" time="1.626" classname="TestCasePackage.ContactUsPageTest"/>
  <testcase name="verifySendMessageTest" time="1.52" classname="TestCasePackage.ContactUsPageTest"/>
</testsuite> <!-- test_1 -->
