<?xml version="1.0" encoding="UTF-8"?>
<!-- Generated by org.testng.reporters.JUnitXMLReporter -->
<testsuite hostname="LAPTOP-FVUP5MER" ignored="0" name="test_2" tests="4" failures="0" timestamp="11 Dec 2018 03:17:58 GMT" time="32.771" errors="0">
  <testcase name="verifyContactusLinkClickable" time="0.814" classname="TestCasePackage.HomePageTestCases"/>
  <testcase name="verifyExistenceOfContactusLink" time="0.042" classname="TestCasePackage.HomePageTestCases"/>
  <testcase name="verifyExistenceOfSigninLink" time="0.423" classname="TestCasePackage.HomePageTestCases"/>
  <testcase name="verifyloginpage" time="1.139" classname="TestCasePackage.HomePageTestCases"/>
</testsuite> <!-- test_2 -->
