<?xml version="1.0" encoding="UTF-8" ?>
<testsuite tests="4" failures="1" name="TestCasePackage.ContactUsPageTest" time="10.326" errors="0" skipped="0">
  <properties>
[...]
</properties>
  <testcase classname="TestCasePackage.ContactUsPageTest" name="verifySendMessageTest" time="3.346">
    <failure message="expected [Invalid email address.] but found [Bad file extension]" type="java.lang.AssertionError">java.lang.AssertionError: expected [Invalid email address.] but found [Bad file extension]
	at org.testng.Assert.fail(Assert.java:93)
	at org.testng.Assert.failNotEquals(Assert.java:512)
	at org.testng.Assert.assertEqualsImpl(Assert.java:134)
	at org.testng.Assert.assertEquals(Assert.java:115)
	at org.testng.Assert.assertEquals(Assert.java:189)
	at org.testng.Assert.assertEquals(Assert.java:199)
	at TestCasePackage.ContactUsPageTest.verifySendMessageTest(ContactUsPageTest.java:95)
</failure>
    <system-out>Configuring TestNG with: org.apache.maven.surefire.testng.conf.TestNG652Configurator@64b8f8f4
Before navigating to: &apos;http://automationpractice.com/index.php&apos;
Navigated to:&apos;http://automationpractice.com/index.php&apos;
Trying to find Element By : By.xpath: //a[@title=&apos;Contact Us&apos;]
Found Element By : By.xpath: //a[@title=&apos;Contact Us&apos;]
Trying to click on: [[ChromeDriver: chrome on XP (613621a788ce8c8a1ce4045e71acc51e)] -&gt; xpath: //a[@title=&apos;Contact Us&apos;]]
Clicked on: [[ChromeDriver: chrome on XP (613621a788ce8c8a1ce4045e71acc51e)] -&gt; xpath: //a[@title=&apos;Contact Us&apos;]]
Windows 10
amd64
10.0
C:\Users\Ali Hassan\newprojectHybirdApporch\AutomationPractice
C:\Users\Ali Hassan
Trying to find Element By : By.id: id_contact
Found Element By : By.id: id_contact
Trying to find Element By : By.id: id_contact
Found Element By : By.id: id_contact
Trying to find Element By : By.id: id_contact
Found Element By : By.id: id_contact
Trying to find Element By : By.tagName: option
Found Element By : By.tagName: option
Trying to click on: [[[[ChromeDriver: chrome on XP (613621a788ce8c8a1ce4045e71acc51e)] -&gt; id: id_contact]] -&gt; tag name: option]
Clicked on: [[[[ChromeDriver: chrome on XP (613621a788ce8c8a1ce4045e71acc51e)] -&gt; id: id_contact]] -&gt; tag name: option]
Trying to find Element By : By.xpath: //input[@id=&apos;email&apos;]
Found Element By : By.xpath: //input[@id=&apos;email&apos;]
Trying to find Element By : By.xpath: .//*[@id=&apos;id_order&apos;]
Found Element By : By.xpath: .//*[@id=&apos;id_order&apos;]
Trying to find Element By : By.id: fileUpload
Found Element By : By.id: fileUpload
Trying to find Element By : By.id: message
Found Element By : By.id: message
Trying to find Element By : By.id: submitMessage
Found Element By : By.id: submitMessage
Trying to click on: [[ChromeDriver: chrome on XP (613621a788ce8c8a1ce4045e71acc51e)] -&gt; id: submitMessage]
Clicked on: [[ChromeDriver: chrome on XP (613621a788ce8c8a1ce4045e71acc51e)] -&gt; id: submitMessage]
Trying to find Element By : By.xpath: .//*[@id=&apos;center_column&apos;]/div/ol/li
Found Element By : By.xpath: .//*[@id=&apos;center_column&apos;]/div/ol/li
</system-out>
    <system-err>Starting ChromeDriver 2.42.591088 (7b2b2dca23cca0862f674758c9a3933e685c27d5) on port 1363
Only local connections are allowed.
Dec 11, 2018 4:13:38 PM org.openqa.selenium.remote.ProtocolHandshake createSession
INFO: Detected dialect: OSS
</system-err>
  </testcase>
  <testcase classname="TestCasePackage.ContactUsPageTest" name="verifySendMessageTest" time="2.459"/>
  <testcase classname="TestCasePackage.ContactUsPageTest" name="verifySendMessageTest" time="1.833"/>
  <testcase classname="TestCasePackage.ContactUsPageTest" name="verifySendMessageTest" time="2.688"/>
</testsuite>